<?xml version="1.0" encoding="UTF-8" ?>
<testsuite tests="5" failures="0" name="com.consulting4j.lazymongo.test.MongoPoJoTest" time="0.523" errors="0" skipped="0">
  <properties>
[...]
</properties>
  <testcase classname="com.consulting4j.lazymongo.test.MongoPoJoTest" name="testEmbeddedPoJo" time="0.513"/>
  <testcase classname="com.consulting4j.lazymongo.test.MongoPoJoTest" name="testBasicPoJo" time="0.001"/>
  <testcase classname="com.consulting4j.lazymongo.test.MongoPoJoTest" name="testCollectionPoJo" time="0.002"/>
  <testcase classname="com.consulting4j.lazymongo.test.MongoPoJoTest" name="testMapPoJo" time="0.003"/>
  <testcase classname="com.consulting4j.lazymongo.test.MongoPoJoTest" name="testMixedPoJo" time="0.004"/>
</testsuite>